  AdminDlg.cpp
  CadDlg.cpp
  ClientDlg.cpp
  ContactDlg.cpp
  Example.cpp
  JoseDlg.cpp
  ListsDlg.cpp
ListsDlg.cpp(241): warning C4244: '=': conversion from 'double' to 'float', possible loss of data
ListsDlg.cpp(272): warning C4244: '=': conversion from 'double' to 'float', possible loss of data
ListsDlg.cpp(289): warning C4244: '=': conversion from 'double' to 'float', possible loss of data
  Login.cpp
  MFCApplication2.cpp
  MFCApplication2Dlg.cpp
  myconnectorclassDB.cpp
  ProducerDlg.cpp
  Generating code
  214 of 808 functions (26.5%) were compiled, the rest were copied from previous compilation.
    113 functions were new in current compilation
    106 functions had inline decision re-evaluated but remain unchanged
  Finished generating code
  MFCApplication2.vcxproj -> C:\Users\Manuel\Documents\GitHub\POBD\Release\MFCApplication2.exe
  MFCApplication2.vcxproj -> C:\Users\Manuel\Documents\GitHub\POBD\Release\MFCApplication2.pdb (Full PDB)
