c:\users\manuel\documents\github\pobd\mfcapplication2\release\mfcapplication2.pch
c:\users\manuel\documents\github\pobd\mfcapplication2\release\vc140.pdb
c:\users\manuel\documents\github\pobd\mfcapplication2\release\stdafx.obj
c:\users\manuel\documents\github\pobd\mfcapplication2\release\table.obj
c:\users\manuel\documents\github\pobd\mfcapplication2\release\producer.obj
c:\users\manuel\documents\github\pobd\mfcapplication2\release\myconnectorclassdb.obj
c:\users\manuel\documents\github\pobd\mfcapplication2\release\mfcapplication2dlg.obj
c:\users\manuel\documents\github\pobd\mfcapplication2\release\mfcapplication2.obj
c:\users\manuel\documents\github\pobd\mfcapplication2\release\logintxt.obj
c:\users\manuel\documents\github\pobd\mfcapplication2\release\login.obj
c:\users\manuel\documents\github\pobd\mfcapplication2\release\listsdlg.obj
c:\users\manuel\documents\github\pobd\mfcapplication2\release\josedlg.obj
c:\users\manuel\documents\github\pobd\mfcapplication2\release\example.obj
c:\users\manuel\documents\github\pobd\mfcapplication2\release\contactdlg.obj
c:\users\manuel\documents\github\pobd\mfcapplication2\release\clientdlg.obj
c:\users\manuel\documents\github\pobd\mfcapplication2\release\administrator.obj
c:\users\manuel\documents\github\pobd\mfcapplication2\release\mfcapplication2.res
c:\users\manuel\documents\github\pobd\mfcapplication2\release\mfcapplication2.tlog\cl.command.1.tlog
c:\users\manuel\documents\github\pobd\mfcapplication2\release\mfcapplication2.tlog\cl.read.1.tlog
c:\users\manuel\documents\github\pobd\mfcapplication2\release\mfcapplication2.tlog\cl.write.1.tlog
c:\users\manuel\documents\github\pobd\mfcapplication2\release\mfcapplication2.tlog\link.command.1.tlog
c:\users\manuel\documents\github\pobd\mfcapplication2\release\mfcapplication2.tlog\link.read.1.tlog
c:\users\manuel\documents\github\pobd\mfcapplication2\release\mfcapplication2.tlog\link.write.1.tlog
c:\users\manuel\documents\github\pobd\mfcapplication2\release\mfcapplication2.tlog\rc.command.1.tlog
c:\users\manuel\documents\github\pobd\mfcapplication2\release\mfcapplication2.tlog\rc.read.1.tlog
c:\users\manuel\documents\github\pobd\mfcapplication2\release\mfcapplication2.tlog\rc.write.1.tlog
