  stdafx.cpp
  Table.cpp
  Producer.cpp
  myconnectorclassDB.cpp
  MFCApplication2Dlg.cpp
  MFCApplication2.cpp
  LoginTxt.cpp
  Login.cpp
  ListsDlg.cpp
c:\users\manuel\documents\github\pobd\mfcapplication2\listsdlg.cpp(219): warning C4244: '=': conversion from 'double' to 'float', possible loss of data
c:\users\manuel\documents\github\pobd\mfcapplication2\listsdlg.cpp(250): warning C4244: '=': conversion from 'double' to 'float', possible loss of data
c:\users\manuel\documents\github\pobd\mfcapplication2\listsdlg.cpp(267): warning C4244: '=': conversion from 'double' to 'float', possible loss of data
  JoseDlg.cpp
  Example.cpp
  ContactDlg.cpp
  ClientDlg.cpp
  Administrator.cpp
  Generating Code...
  MFCApplication2.vcxproj -> C:\Users\Manuel\Documents\GitHub\POBD\Debug\MFCApplication2.exe
  MFCApplication2.vcxproj -> C:\Users\Manuel\Documents\GitHub\POBD\Debug\MFCApplication2.pdb (Partial PDB)
