c:\users\manuel\documents\visual studio 2015\projects\mfcapplication2\mfcapplication2\debug\mfcapplication2.pch
c:\users\manuel\documents\visual studio 2015\projects\mfcapplication2\mfcapplication2\debug\vc140.pdb
c:\users\manuel\documents\visual studio 2015\projects\mfcapplication2\mfcapplication2\debug\vc140.idb
c:\users\manuel\documents\visual studio 2015\projects\mfcapplication2\mfcapplication2\debug\stdafx.obj
c:\users\manuel\documents\visual studio 2015\projects\mfcapplication2\mfcapplication2\debug\contactdlg.obj
c:\users\manuel\documents\visual studio 2015\projects\mfcapplication2\mfcapplication2\debug\example.obj
c:\users\manuel\documents\visual studio 2015\projects\mfcapplication2\mfcapplication2\debug\listsdlg.obj
c:\users\manuel\documents\visual studio 2015\projects\mfcapplication2\mfcapplication2\debug\mfcapplication2.obj
c:\users\manuel\documents\visual studio 2015\projects\mfcapplication2\mfcapplication2\debug\mfcapplication2dlg.obj
c:\users\manuel\documents\visual studio 2015\projects\mfcapplication2\mfcapplication2\debug\myconnectorclassdb.obj
c:\users\manuel\documents\visual studio 2015\projects\mfcapplication2\mfcapplication2\debug\table.obj
c:\users\david\dropbox\projecto pobd\mfcapplicationv2\mfcapplication2\debug\mfcapplication2.pch
c:\users\david\dropbox\projecto pobd\mfcapplicationv2\mfcapplication2\debug\vc140.pdb
c:\users\david\dropbox\projecto pobd\mfcapplicationv2\mfcapplication2\debug\vc140.idb
c:\users\david\dropbox\projecto pobd\mfcapplicationv2\mfcapplication2\debug\stdafx.obj
c:\users\david\dropbox\projecto pobd\mfcapplicationv2\mfcapplication2\debug\contactdlg.obj
c:\users\david\dropbox\projecto pobd\mfcapplicationv2\mfcapplication2\debug\example.obj
c:\users\david\dropbox\projecto pobd\mfcapplicationv2\mfcapplication2\debug\mfcapplication2.obj
c:\users\david\dropbox\projecto pobd\mfcapplicationv2\mfcapplication2\debug\table.obj
c:\users\manuel\documents\visual studio 2015\projects\mfcapplication2\debug\mfcapplication2.ilk
c:\users\manuel\documents\visual studio 2015\projects\mfcapplication2\debug\mfcapplication2.exe
c:\users\manuel\documents\visual studio 2015\projects\mfcapplication2\debug\mfcapplication2.pdb
c:\users\manuel\documents\visual studio 2015\projects\mfcapplication2\mfcapplication2\debug\mfcapplication2.res
c:\users\david\dropbox\projecto pobd\mfcapplicationv2\mfcapplication2\debug\mfcapplication2.res
c:\users\david\dropbox\projecto pobd\mfcapplicationv2\debug\mfcapplication2.pdb
c:\users\david\dropbox\projecto pobd\mfcapplicationv2\debug\mfcapplication2.exe
c:\users\david\dropbox\projecto pobd\mfcapplicationv2\debug\mfcapplication2.ilk
c:\users\david\dropbox\projecto pobd\mfcapplicationv2\mfcapplication2\debug\mfcapplication2.tlog\cl.command.1.tlog
c:\users\david\dropbox\projecto pobd\mfcapplicationv2\mfcapplication2\debug\mfcapplication2.tlog\cl.read.1.tlog
c:\users\david\dropbox\projecto pobd\mfcapplicationv2\mfcapplication2\debug\mfcapplication2.tlog\cl.write.1.tlog
c:\users\david\dropbox\projecto pobd\mfcapplicationv2\mfcapplication2\debug\mfcapplication2.tlog\link.command.1.tlog
c:\users\david\dropbox\projecto pobd\mfcapplicationv2\mfcapplication2\debug\mfcapplication2.tlog\link.read.1.tlog
c:\users\david\dropbox\projecto pobd\mfcapplicationv2\mfcapplication2\debug\mfcapplication2.tlog\link.write.1.tlog
c:\users\david\dropbox\projecto pobd\mfcapplicationv2\mfcapplication2\debug\mfcapplication2.tlog\rc.command.1.tlog
c:\users\david\dropbox\projecto pobd\mfcapplicationv2\mfcapplication2\debug\mfcapplication2.tlog\rc.read.1.tlog
c:\users\david\dropbox\projecto pobd\mfcapplicationv2\mfcapplication2\debug\mfcapplication2.tlog\rc.write.1.tlog
